=====================================
LOG_FILE_OPEN
=====================================

=====================================
ALLOCATION
Memory:       0x00000212e6236d00
Number:       27
Element size: 8
=====================================

=====================================
ALLOCATION
Memory:       0x00000212e62314c0
Number:       296
Element size: 1
=====================================

=====================================
FREE
Memory:       0x00000212e6236d00
=====================================

=====================================
FREE
Memory:       0x00000212e62314c0
=====================================

=====================================
LOG_FILE_CLOSE
=====================================

