stack_t[0x0000028631cf14c0] initialized in spu.cpp:100 as 'stack_t spu->stack' in function 'spu_error_t init_spu_code(spu_t*, const char*)'
dump called from spu_commands.cpp:138 'spu_error_t run_command_dump(spu_t*)'
ERROR = 'STACK_SUCCESS'
{
		---CANARIES---
	canary_left       = 0xc279df0feb2e;
	data_canary_left [0x0000028631cf1558] = 0xc279df0fea8e;
	data_canary_right[0x0000028631cf15e0] = 0xc279df0fea8e;
	canary_right      = 0xc279df0feb2e;
		---HASHES---
	structure_hash    = 0x297a51e21d522e6b;
	data_hash         = 0x90116b2eaa8b6505;
		---DEFAULT_INFO---
	size              =   1;
	capacity          =   16;
	element_size      =   8;
		---MEMBERS---
	data[0x0000028631cf1560]:
	    [0] = 0;
	   *[1] = 0 (POISON);
	   *[2] = 0 (POISON);
	   *[3] = 0 (POISON);
	   *[4] = 0 (POISON);
	   *[5] = 0 (POISON);
	   *[6] = 0 (POISON);
	   *[7] = 0 (POISON);
	   *[8] = 0 (POISON);
	   *[9] = 0 (POISON);
	   *[10] = 0 (POISON);
	   *[11] = 0 (POISON);
	   *[12] = 0 (POISON);
	   *[13] = 0 (POISON);
	   *[14] = 0 (POISON);
	   *[15] = 0 (POISON);
}

